Using pre-set license
Built from '2021.3/staging' branch; Version is '2021.3.3f1 (af2e63e8f9bd) revision 11480675'; Using compiler version '192829333'; Build Type 'Release'
OS: 'Windows 10  (10.0.19043) 64bit Professional' Language: 'de' Physical Memory: 14284 MB
BatchMode: 1, IsHumanControllingUs: 0, StartBugReporterOnCrash: 0, Is64bit: 1, IsPro: 1

COMMAND LINE ARGUMENTS:
D:\Unity\2021.3.3f1\Editor\Unity.exe
-adb2
-batchMode
-noUpm
-name
AssetImportWorker0
-projectPath
D:/ProjektarbeitNeu/ZombieGame
-logFile
Logs/AssetImportWorker0.log
-srvPort
59207
Successfully changed project path to: D:/ProjektarbeitNeu/ZombieGame
D:/ProjektarbeitNeu/ZombieGame
[UnityMemory] Configuration Parameters - Can be set up in boot.config
    "memorysetup-bucket-allocator-granularity=16"
    "memorysetup-bucket-allocator-bucket-count=8"
    "memorysetup-bucket-allocator-block-size=33554432"
    "memorysetup-bucket-allocator-block-count=8"
    "memorysetup-main-allocator-block-size=16777216"
    "memorysetup-thread-allocator-block-size=16777216"
    "memorysetup-gfx-main-allocator-block-size=16777216"
    "memorysetup-gfx-thread-allocator-block-size=16777216"
    "memorysetup-cache-allocator-block-size=4194304"
    "memorysetup-typetree-allocator-block-size=2097152"
    "memorysetup-profiler-bucket-allocator-granularity=16"
    "memorysetup-profiler-bucket-allocator-bucket-count=8"
    "memorysetup-profiler-bucket-allocator-block-size=33554432"
    "memorysetup-profiler-bucket-allocator-block-count=8"
    "memorysetup-profiler-allocator-block-size=16777216"
    "memorysetup-profiler-editor-allocator-block-size=1048576"
    "memorysetup-temp-allocator-size-main=16777216"
    "memorysetup-job-temp-allocator-block-size=2097152"
    "memorysetup-job-temp-allocator-block-size-background=1048576"
    "memorysetup-job-temp-allocator-reduction-small-platforms=262144"
    "memorysetup-temp-allocator-size-background-worker=32768"
    "memorysetup-temp-allocator-size-job-worker=262144"
    "memorysetup-temp-allocator-size-preload-manager=33554432"
    "memorysetup-temp-allocator-size-nav-mesh-worker=65536"
    "memorysetup-temp-allocator-size-audio-worker=65536"
    "memorysetup-temp-allocator-size-cloud-worker=32768"
    "memorysetup-temp-allocator-size-gi-baking-worker=262144"
    "memorysetup-temp-allocator-size-gfx=262144"
Refreshing native plugins compatible for Editor in 126.58 ms, found 3 plugins.
Preloading 0 native plugins for Editor in 0.00 ms.
Initialize engine version: 2021.3.3f1 (af2e63e8f9bd)
[Subsystems] Discovering subsystems at path D:/Unity/2021.3.3f1/Editor/Data/Resources/UnitySubsystems
[Subsystems] Discovering subsystems at path D:/ProjektarbeitNeu/ZombieGame/Assets
GfxDevice: creating device client; threaded=0; jobified=0
Direct3D:
    Version:  Direct3D 11.0 [level 11.1]
    Renderer: AMD Radeon(TM) RX Vega 11 Graphics (ID=0x15d8)
    Vendor:   ATI
    VRAM:     7142 MB
    Driver:   30.0.13023.4001
Initialize mono
Mono path[0] = 'D:/Unity/2021.3.3f1/Editor/Data/Managed'
Mono path[1] = 'D:/Unity/2021.3.3f1/Editor/Data/MonoBleedingEdge/lib/mono/unityjit-win32'
Mono config path = 'D:/Unity/2021.3.3f1/Editor/Data/MonoBleedingEdge/etc'
Using monoOptions --debugger-agent=transport=dt_socket,embedding=1,server=y,suspend=n,address=127.0.0.1:56900
Begin MonoManager ReloadAssembly
Registering precompiled unity dll's ...
Register platform support module: D:/Unity/2021.3.3f1/Editor/Data/PlaybackEngines/WebGLSupport/UnityEditor.WebGL.Extensions.dll
Register platform support module: D:/Unity/2021.3.3f1/Editor/Data/PlaybackEngines/WindowsStandaloneSupport/UnityEditor.WindowsStandalone.Extensions.dll
Registered in 0.027405 seconds.
Native extension for WindowsStandalone target not found
Native extension for WebGL target not found
Refreshing native plugins compatible for Editor in 114.94 ms, found 3 plugins.
Preloading 0 native plugins for Editor in 0.00 ms.
Mono: successfully reloaded assembly
- Completed reload, in  1.444 seconds
Domain Reload Profiling:
	ReloadAssembly (1445ms)
		BeginReloadAssembly (296ms)
			ExecutionOrderSort (0ms)
			DisableScriptedObjects (0ms)
			BackupInstance (0ms)
			ReleaseScriptingObjects (0ms)
			CreateAndSetChildDomain (1ms)
		EndReloadAssembly (900ms)
			LoadAssemblies (288ms)
			RebuildTransferFunctionScriptingTraits (0ms)
			SetupTypeCache (197ms)
			ReleaseScriptCaches (0ms)
			RebuildScriptCaches (53ms)
			SetupLoadedEditorAssemblies (536ms)
				LogAssemblyErrors (0ms)
				InitializePlatformSupportModulesInManaged (21ms)
				SetLoadedEditorAssemblies (1ms)
				RefreshPlugins (115ms)
				BeforeProcessingInitializeOnLoad (2ms)
				ProcessInitializeOnLoadAttributes (305ms)
				ProcessInitializeOnLoadMethodAttributes (92ms)
				AfterProcessingInitializeOnLoad (0ms)
				EditorAssembliesLoaded (0ms)
			ExecutionOrderSort2 (0ms)
			AwakeInstancesAfterBackupRestoration (0ms)
Platform modules already initialized, skipping
Registering precompiled user dll's ...
Registered in 0.016614 seconds.
Begin MonoManager ReloadAssembly
Native extension for WindowsStandalone target not found
Native extension for WebGL target not found
Refreshing native plugins compatible for Editor in 0.95 ms, found 3 plugins.
Preloading 0 native plugins for Editor in 0.00 ms.
Mono: successfully reloaded assembly
- Completed reload, in  2.075 seconds
Domain Reload Profiling:
	ReloadAssembly (2077ms)
		BeginReloadAssembly (354ms)
			ExecutionOrderSort (0ms)
			DisableScriptedObjects (10ms)
			BackupInstance (0ms)
			ReleaseScriptingObjects (0ms)
			CreateAndSetChildDomain (34ms)
		EndReloadAssembly (1480ms)
			LoadAssemblies (309ms)
			RebuildTransferFunctionScriptingTraits (0ms)
			SetupTypeCache (417ms)
			ReleaseScriptCaches (1ms)
			RebuildScriptCaches (94ms)
			SetupLoadedEditorAssemblies (712ms)
				LogAssemblyErrors (0ms)
				InitializePlatformSupportModulesInManaged (19ms)
				SetLoadedEditorAssemblies (1ms)
				RefreshPlugins (1ms)
				BeforeProcessingInitializeOnLoad (175ms)
				ProcessInitializeOnLoadAttributes (430ms)
				ProcessInitializeOnLoadMethodAttributes (53ms)
				AfterProcessingInitializeOnLoad (32ms)
				EditorAssembliesLoaded (0ms)
			ExecutionOrderSort2 (0ms)
			AwakeInstancesAfterBackupRestoration (12ms)
Platform modules already initialized, skipping
========================================================================
Worker process is ready to serve import requests
Launched and connected shader compiler UnityShaderCompiler.exe after 0.09 seconds
Refreshing native plugins compatible for Editor in 1.08 ms, found 3 plugins.
Preloading 0 native plugins for Editor in 0.00 ms.
Unloading 3261 Unused Serialized files (Serialized files now loaded: 0)
Unloading 23 unused Assets / (55.7 KB). Loaded Objects now: 3723.
Memory consumption went from 113.7 MB to 113.6 MB.
Total: 6.010100 ms (FindLiveObjects: 0.433100 ms CreateObjectMapping: 0.342100 ms MarkObjects: 5.046400 ms  DeleteObjects: 0.185400 ms)

AssetImportParameters requested are different than current active one (requested -> active):
  custom:video-decoder-ogg-theora: a1e56fd34408186e4bbccfd4996cb3dc -> 
  custom:container-muxer-webm: aa71ff27fc2769a1b78a27578f13a17b -> 
  custom:container-demuxer-webm: 4f35f7cbe854078d1ac9338744f61a02 -> 
  custom:video-encoder-webm-vp8: eb34c28f22e8b96e1ab97ce403110664 -> 
  custom:audio-encoder-webm-vorbis: bf7c407c2cedff20999df2af8eb42d56 -> 
  custom:framework-win-MediaFoundation: 216162199b28c13a410421893ffa2e32 -> 
  custom:container-demuxer-ogg: 62fdf1f143b41e24485cea50d1cbac27 -> 
  custom:video-decoder-webm-vp8: 9c59270c3fd7afecdb556c50c9e8de78 -> 
  custom:audio-decoder-ogg-vorbis: bf7c407c2cedff20999df2af8eb42d56 -> 
========================================================================
Received Import Request.
  Time since last request: 262933.270667 seconds.
  path: Assets/Characters/Zombie_1_Walking_Hit_0.gif
  artifactKey: Guid(38baa3725fe32a046ad16e0b5ada3a4f) Importer(815301076,1909f56bfc062723c751e8b465ee728b)
Start importing Assets/Characters/Zombie_1_Walking_Hit_0.gif using Guid(38baa3725fe32a046ad16e0b5ada3a4f) Importer(815301076,1909f56bfc062723c751e8b465ee728b)  -> (artifact id: 'a45ff00554944c29e93d39865b0de4bc') in 0.490037 seconds 
========================================================================
Received Import Request.
  Time since last request: 0.000062 seconds.
  path: Assets/Characters/PlayerForNow.prefab
  artifactKey: Guid(5152d5afcb9cdd242be3613324d9fcee) Importer(815301076,1909f56bfc062723c751e8b465ee728b)
Start importing Assets/Characters/PlayerForNow.prefab using Guid(5152d5afcb9cdd242be3613324d9fcee) Importer(815301076,1909f56bfc062723c751e8b465ee728b)  -> (artifact id: 'bc9038d4abdfcc29f30b80f528c81ae1') in 0.096679 seconds 
========================================================================
Received Import Request.
  Time since last request: 0.000052 seconds.
  path: Assets/Characters/Zombie_Walking_Hits_0.gif
  artifactKey: Guid(2dca4ac9f7dba8344b5bdf6c4b4ea8c2) Importer(815301076,1909f56bfc062723c751e8b465ee728b)
Start importing Assets/Characters/Zombie_Walking_Hits_0.gif using Guid(2dca4ac9f7dba8344b5bdf6c4b4ea8c2) Importer(815301076,1909f56bfc062723c751e8b465ee728b)  -> (artifact id: '262196e452e2a204ad81204d8ed8a9e5') in 0.037515 seconds 
========================================================================
Received Import Request.
  Time since last request: 16.844302 seconds.
  path: Assets/Audio/BackgroundTheme (online-audio-converter.com).mp3
  artifactKey: Guid(fcf831270a73dc94799480973afb61cd) Importer(815301076,1909f56bfc062723c751e8b465ee728b)
Start importing Assets/Audio/BackgroundTheme (online-audio-converter.com).mp3 using Guid(fcf831270a73dc94799480973afb61cd) Importer(815301076,1909f56bfc062723c751e8b465ee728b)  -> (artifact id: 'f67f42d1fe8817ff48df0aef7769af2e') in 0.043322 seconds 
========================================================================
Received Import Request.
  Time since last request: 3.416985 seconds.
  path: Assets/Characters/Designs
  artifactKey: Guid(8d748c3d4bb5fee42a7b33be2258a9e3) Importer(815301076,1909f56bfc062723c751e8b465ee728b)
Start importing Assets/Characters/Designs using Guid(8d748c3d4bb5fee42a7b33be2258a9e3) Importer(815301076,1909f56bfc062723c751e8b465ee728b)  -> (artifact id: 'a65f7538628d6afc8793b58d390f8ad8') in 0.004337 seconds 
========================================================================
Received Import Request.
  Time since last request: 0.055286 seconds.
  path: Assets/Characters/Designs/pixil-frame-0.png
  artifactKey: Guid(216270c8e0d356e458984ef19db97ea1) Importer(815301076,1909f56bfc062723c751e8b465ee728b)
Start importing Assets/Characters/Designs/pixil-frame-0.png using Guid(216270c8e0d356e458984ef19db97ea1) Importer(815301076,1909f56bfc062723c751e8b465ee728b)  -> (artifact id: '7b29dc7d5358914d9e55e59654c6fbf1') in 0.035165 seconds 
========================================================================
Received Import Request.
  Time since last request: 21.310251 seconds.
  path: Assets/UI/Backbuttonpixel.png
  artifactKey: Guid(6a875d951ef4d364d8c119a505c409d4) Importer(815301076,1909f56bfc062723c751e8b465ee728b)
Start importing Assets/UI/Backbuttonpixel.png using Guid(6a875d951ef4d364d8c119a505c409d4) Importer(815301076,1909f56bfc062723c751e8b465ee728b)  -> (artifact id: '84cade5b5dd77d0ab75c793f1e5feb10') in 0.019075 seconds 
========================================================================
Received Import Request.
  Time since last request: 0.000032 seconds.
  path: Assets/UI/MainMenubuttonpixel.png
  artifactKey: Guid(402652483d86b3b46ac169144c031adc) Importer(815301076,1909f56bfc062723c751e8b465ee728b)
Start importing Assets/UI/MainMenubuttonpixel.png using Guid(402652483d86b3b46ac169144c031adc) Importer(815301076,1909f56bfc062723c751e8b465ee728b)  -> (artifact id: '0075d273156065cf81937287d9684073') in 0.023915 seconds 
========================================================================
Received Import Request.
  Time since last request: 0.000032 seconds.
  path: Assets/UI/Highscorebuttonpixel.png
  artifactKey: Guid(418e7af9062dcf54487fca269759e9d7) Importer(815301076,1909f56bfc062723c751e8b465ee728b)
Start importing Assets/UI/Highscorebuttonpixel.png using Guid(418e7af9062dcf54487fca269759e9d7) Importer(815301076,1909f56bfc062723c751e8b465ee728b)  -> (artifact id: '254003052cd2a10d5b82aab6fd148067') in 0.034076 seconds 
========================================================================
Received Import Request.
  Time since last request: 0.000030 seconds.
  path: Assets/Sprites/Bar.png
  artifactKey: Guid(9e1fdfd0db36e3940a3746cded4ba4cc) Importer(815301076,1909f56bfc062723c751e8b465ee728b)
Start importing Assets/Sprites/Bar.png using Guid(9e1fdfd0db36e3940a3746cded4ba4cc) Importer(815301076,1909f56bfc062723c751e8b465ee728b)  -> (artifact id: 'aa66b4fb95fca1dd03569cac8affb60d') in 0.022725 seconds 
========================================================================
Received Import Request.
  Time since last request: 0.000031 seconds.
  path: Assets/Sprites/Heart.png
  artifactKey: Guid(5e2d18598af9f424c8cd527744b88e08) Importer(815301076,1909f56bfc062723c751e8b465ee728b)
Start importing Assets/Sprites/Heart.png using Guid(5e2d18598af9f424c8cd527744b88e08) Importer(815301076,1909f56bfc062723c751e8b465ee728b)  -> (artifact id: '0dd3b794df4def1aac97a5ff0ec7bdd3') in 0.020702 seconds 
========================================================================
Received Import Request.
  Time since last request: 0.000037 seconds.
  path: Assets/UI/Heart.png
  artifactKey: Guid(4327a14abcc53c44585fb5f216b01f84) Importer(815301076,1909f56bfc062723c751e8b465ee728b)
Start importing Assets/UI/Heart.png using Guid(4327a14abcc53c44585fb5f216b01f84) Importer(815301076,1909f56bfc062723c751e8b465ee728b)  -> (artifact id: 'f5ea1073ff183d1929eb9883d0e406ee') in 0.015718 seconds 
========================================================================
Received Import Request.
  Time since last request: 0.801951 seconds.
  path: Assets/UI/Mutebutton.png
  artifactKey: Guid(fcf2f5cfe2fade546a5d0c87569c41ca) Importer(815301076,1909f56bfc062723c751e8b465ee728b)
Start importing Assets/UI/Mutebutton.png using Guid(fcf2f5cfe2fade546a5d0c87569c41ca) Importer(815301076,1909f56bfc062723c751e8b465ee728b)  -> (artifact id: 'a55c8c46d3e962b577e237a733d51a24') in 0.017853 seconds 
========================================================================
Received Import Request.
  Time since last request: 0.418512 seconds.
  path: Assets/UI/Quitbuttonpixel.png
  artifactKey: Guid(6cec1d9a794717b438c8bb50e74e90ff) Importer(815301076,1909f56bfc062723c751e8b465ee728b)
Start importing Assets/UI/Quitbuttonpixel.png using Guid(6cec1d9a794717b438c8bb50e74e90ff) Importer(815301076,1909f56bfc062723c751e8b465ee728b)  -> (artifact id: '53bdc8b4ef62cd2394e299fa8bdd6f1d') in 0.018465 seconds 
========================================================================
Received Import Request.
  Time since last request: 0.399286 seconds.
  path: Assets/UI/Soundbutton.png
  artifactKey: Guid(8c3099e8c4dccce42909f853ced7ada2) Importer(815301076,1909f56bfc062723c751e8b465ee728b)
Start importing Assets/UI/Soundbutton.png using Guid(8c3099e8c4dccce42909f853ced7ada2) Importer(815301076,1909f56bfc062723c751e8b465ee728b)  -> (artifact id: '197eb91360ecbf33cf3cfe18c178dee5') in 0.018490 seconds 
========================================================================
Received Import Request.
  Time since last request: 0.058524 seconds.
  path: Assets/UI/Startbuttonpixel.png
  artifactKey: Guid(256f16586ef93014996ce3746b5a7a4d) Importer(815301076,1909f56bfc062723c751e8b465ee728b)
Start importing Assets/UI/Startbuttonpixel.png using Guid(256f16586ef93014996ce3746b5a7a4d) Importer(815301076,1909f56bfc062723c751e8b465ee728b)  -> (artifact id: '4049bce40a51bd7042d2a1301c8c415b') in 0.017213 seconds 
========================================================================
Received Import Request.
  Time since last request: 0.328418 seconds.
  path: Assets/UI/Zahnrad.png
  artifactKey: Guid(1038fe8e375ed2149a66004dda10fbce) Importer(815301076,1909f56bfc062723c751e8b465ee728b)
Start importing Assets/UI/Zahnrad.png using Guid(1038fe8e375ed2149a66004dda10fbce) Importer(815301076,1909f56bfc062723c751e8b465ee728b)  -> (artifact id: '2ae3b9d180970b7c47e73ba57168c602') in 0.019833 seconds 
========================================================================
Received Import Request.
  Time since last request: 2.626381 seconds.
  path: Assets/Characters/Zombie_Standin_Left.prefab
  artifactKey: Guid(d04259210e1dfbf4899fcb0df5599f6e) Importer(815301076,1909f56bfc062723c751e8b465ee728b)
Start importing Assets/Characters/Zombie_Standin_Left.prefab using Guid(d04259210e1dfbf4899fcb0df5599f6e) Importer(815301076,1909f56bfc062723c751e8b465ee728b)  -> (artifact id: 'a46abe6de767054febc96597f9878456') in 0.023577 seconds 
========================================================================
Received Import Request.
  Time since last request: 8.196003 seconds.
  path: Assets/Scenes/Arena.unity
  artifactKey: Guid(c4025cc97ca54bd4f8ac1f28379ab93b) Importer(815301076,1909f56bfc062723c751e8b465ee728b)
Start importing Assets/Scenes/Arena.unity using Guid(c4025cc97ca54bd4f8ac1f28379ab93b) Importer(815301076,1909f56bfc062723c751e8b465ee728b)  -> (artifact id: '5478668b9c145afb1f29fbec060ba875') in 0.003606 seconds 
========================================================================
Received Prepare
Registering precompiled user dll's ...
Registered in 0.009487 seconds.
Begin MonoManager ReloadAssembly
Native extension for WindowsStandalone target not found
Native extension for WebGL target not found
Refreshing native plugins compatible for Editor in 0.88 ms, found 3 plugins.
Preloading 0 native plugins for Editor in 0.00 ms.
Mono: successfully reloaded assembly
- Completed reload, in  1.861 seconds
Domain Reload Profiling:
	ReloadAssembly (1863ms)
		BeginReloadAssembly (352ms)
			ExecutionOrderSort (0ms)
			DisableScriptedObjects (6ms)
			BackupInstance (0ms)
			ReleaseScriptingObjects (0ms)
			CreateAndSetChildDomain (44ms)
		EndReloadAssembly (1313ms)
			LoadAssemblies (318ms)
			RebuildTransferFunctionScriptingTraits (0ms)
			SetupTypeCache (381ms)
			ReleaseScriptCaches (2ms)
			RebuildScriptCaches (65ms)
			SetupLoadedEditorAssemblies (611ms)
				LogAssemblyErrors (0ms)
				InitializePlatformSupportModulesInManaged (33ms)
				SetLoadedEditorAssemblies (1ms)
				RefreshPlugins (1ms)
				BeforeProcessingInitializeOnLoad (146ms)
				ProcessInitializeOnLoadAttributes (352ms)
				ProcessInitializeOnLoadMethodAttributes (47ms)
				AfterProcessingInitializeOnLoad (31ms)
				EditorAssembliesLoaded (0ms)
			ExecutionOrderSort2 (0ms)
			AwakeInstancesAfterBackupRestoration (12ms)
Platform modules already initialized, skipping
Refreshing native plugins compatible for Editor in 4.85 ms, found 3 plugins.
Preloading 0 native plugins for Editor in 0.00 ms.
Unloading 3242 Unused Serialized files (Serialized files now loaded: 0)
Unloading 16 unused Assets / (24.6 KB). Loaded Objects now: 3771.
Memory consumption went from 116.9 MB to 116.9 MB.
Total: 4.306600 ms (FindLiveObjects: 0.288800 ms CreateObjectMapping: 0.127600 ms MarkObjects: 3.867200 ms  DeleteObjects: 0.021900 ms)

AssetImportParameters requested are different than current active one (requested -> active):
  custom:video-decoder-ogg-theora: a1e56fd34408186e4bbccfd4996cb3dc -> 
  custom:container-muxer-webm: aa71ff27fc2769a1b78a27578f13a17b -> 
  custom:container-demuxer-webm: 4f35f7cbe854078d1ac9338744f61a02 -> 
  custom:video-encoder-webm-vp8: eb34c28f22e8b96e1ab97ce403110664 -> 
  custom:audio-encoder-webm-vorbis: bf7c407c2cedff20999df2af8eb42d56 -> 
  custom:framework-win-MediaFoundation: 216162199b28c13a410421893ffa2e32 -> 
  custom:container-demuxer-ogg: 62fdf1f143b41e24485cea50d1cbac27 -> 
  custom:video-decoder-webm-vp8: 9c59270c3fd7afecdb556c50c9e8de78 -> 
  custom:audio-decoder-ogg-vorbis: bf7c407c2cedff20999df2af8eb42d56 -> 
